<?xml version="1.0" encoding="UTF-8"?>
<!-- Generated by org.testng.reporters.JUnitReportReporter -->
<testsuite skipped="0" hostname="DESKTOP-V98FR5C" name="Report.ExtenReportsWithTestNG" tests="5" failures="0" timestamp="2023-05-26T16:12:47 BDT" time="0.035" errors="0">
  <testcase name="Products" time="0.002" classname="Report.ExtenReportsWithTestNG"/>
  <system-out/>
  <testcase name="setUpTest" time="0.005" classname="Report.ExtenReportsWithTestNG"/>
  <system-out/>
  <testcase name="Contact" time="0.008" classname="Report.ExtenReportsWithTestNG"/>
  <system-out/>
  <testcase name="AboutUs" time="0.014" classname="Report.ExtenReportsWithTestNG"/>
  <system-out/>
  <testcase name="FAQ" time="0.006" classname="Report.ExtenReportsWithTestNG"/>
  <system-out/>
</testsuite> <!-- Report.ExtenReportsWithTestNG -->
