<?xml version="1.0" encoding="UTF-8"?>
<!-- Generated by org.testng.reporters.JUnitReportReporter -->
<testsuite skipped="0" hostname="DESKTOP-V98FR5C" name="com.tetonshop.report.ExtentReportsWithTestNG" tests="9" failures="0" timestamp="2023-05-29T14:48:44 BDT" time="0.042" errors="0">
  <testcase name="Register" time="0.001" classname="com.tetonshop.report.ExtentReportsWithTestNG"/>
  <system-out/>
  <testcase name="FAQ" time="0.002" classname="com.tetonshop.report.ExtentReportsWithTestNG"/>
  <system-out/>
  <testcase name="ProductsAdd_DeleteCart" time="0.002" classname="com.tetonshop.report.ExtentReportsWithTestNG"/>
  <system-out/>
  <testcase name="Contact" time="0.008" classname="com.tetonshop.report.ExtentReportsWithTestNG"/>
  <system-out/>
  <testcase name="Login" time="0.002" classname="com.tetonshop.report.ExtentReportsWithTestNG"/>
  <system-out/>
  <testcase name="Products" time="0.002" classname="com.tetonshop.report.ExtentReportsWithTestNG"/>
  <system-out/>
  <testcase name="ResetPassword" time="0.001" classname="com.tetonshop.report.ExtentReportsWithTestNG"/>
  <system-out/>
  <testcase name="AboutUs" time="0.022" classname="com.tetonshop.report.ExtentReportsWithTestNG"/>
  <system-out/>
  <testcase name="setUpTest" time="0.002" classname="com.tetonshop.report.ExtentReportsWithTestNG"/>
  <system-out/>
</testsuite> <!-- com.tetonshop.report.ExtentReportsWithTestNG -->
